Using pre-set license
Built from '2020.3/staging' branch; Version is '2020.3.23f1 (c5d91304a876) revision 12966163'; Using compiler version '192528614'; Build Type 'Release'
OS: 'Windows 10 Home; OS build 22000.527; Version 2009; 64bit' Language: 'ko' Physical Memory: 32644 MB
BatchMode: 1, IsHumanControllingUs: 0, StartBugReporterOnCrash: 0, Is64bit: 1, IsPro: 0

COMMAND LINE ARGUMENTS:
D:\Unity\2020.3.23f1\Editor\Unity.exe
-adb2
-batchMode
-noUpm
-name
AssetImportWorker0
-projectPath
D:/Unity/GroundBattle_20220104 (1)
-logFile
Logs/AssetImportWorker0.log
-srvPort
3575
Successfully changed project path to: D:/Unity/GroundBattle_20220104 (1)
D:/Unity/GroundBattle_20220104 (1)
Using Asset Import Pipeline V2.
Refreshing native plugins compatible for Editor in 34.72 ms, found 2 plugins.
Preloading 0 native plugins for Editor in 0.00 ms.
Initialize engine version: 2020.3.23f1 (c5d91304a876)
[Subsystems] Discovering subsystems at path D:/Unity/2020.3.23f1/Editor/Data/Resources/UnitySubsystems
[Subsystems] Discovering subsystems at path D:/Unity/GroundBattle_20220104 (1)/Assets
GfxDevice: creating device client; threaded=0
Direct3D:
    Version:  Direct3D 11.0 [level 11.1]
    Renderer: NVIDIA GeForce GTX 1070 (ID=0x1be1)
    Vendor:   
    VRAM:     8082 MB
    Driver:   30.0.14.9733
Shader 'WFX/Transparent Specular': fallback shader 'Particles/Alpha Blended' not found
Shader 'WFX/Transparent Diffuse': fallback shader 'Particles/Alpha Blended' not found
Initialize mono
Mono path[0] = 'D:/Unity/2020.3.23f1/Editor/Data/Managed'
Mono path[1] = 'D:/Unity/2020.3.23f1/Editor/Data/MonoBleedingEdge/lib/mono/unityjit'
Mono config path = 'D:/Unity/2020.3.23f1/Editor/Data/MonoBleedingEdge/etc'
Using monoOptions --debugger-agent=transport=dt_socket,embedding=1,server=y,suspend=n,address=127.0.0.1:56496
Begin MonoManager ReloadAssembly
Registering precompiled unity dll's ...
Register platform support module: D:/Unity/2020.3.23f1/Editor/Data/PlaybackEngines/WindowsStandaloneSupport/UnityEditor.WindowsStandalone.Extensions.dll
Registered in 0.000869 seconds.
Native extension for WindowsStandalone target not found
Refreshing native plugins compatible for Editor in 35.79 ms, found 2 plugins.
Preloading 0 native plugins for Editor in 0.00 ms.
Mono: successfully reloaded assembly
- Completed reload, in  0.582 seconds
Domain Reload Profiling:
	ReloadAssembly (582ms)
		BeginReloadAssembly (56ms)
			ExecutionOrderSort (0ms)
			DisableScriptedObjects (0ms)
			BackupInstance (0ms)
			ReleaseScriptingObjects (0ms)
			CreateAndSetChildDomain (1ms)
		EndReloadAssembly (458ms)
			LoadAssemblies (55ms)
			RebuildTransferFunctionScriptingTraits (0ms)
			SetupTypeCache (158ms)
			ReleaseScriptCaches (0ms)
			RebuildScriptCaches (33ms)
			SetupLoadedEditorAssemblies (163ms)
				LogAssemblyErrors (0ms)
				InitializePlatformSupportModulesInManaged (4ms)
				SetLoadedEditorAssemblies (0ms)
				RefreshPlugins (36ms)
				BeforeProcessingInitializeOnLoad (17ms)
				ProcessInitializeOnLoadAttributes (78ms)
				ProcessInitializeOnLoadMethodAttributes (28ms)
				AfterProcessingInitializeOnLoad (0ms)
				EditorAssembliesLoaded (0ms)
			ExecutionOrderSort2 (0ms)
			AwakeInstancesAfterBackupRestoration (0ms)
Platform modules already initialized, skipping
Registering precompiled user dll's ...
Registered in 0.003122 seconds.
Begin MonoManager ReloadAssembly
Native extension for WindowsStandalone target not found
Refreshing native plugins compatible for Editor in 0.36 ms, found 2 plugins.
Preloading 0 native plugins for Editor in 0.00 ms.
Mono: successfully reloaded assembly
- Completed reload, in  0.991 seconds
Domain Reload Profiling:
	ReloadAssembly (992ms)
		BeginReloadAssembly (149ms)
			ExecutionOrderSort (0ms)
			DisableScriptedObjects (5ms)
			BackupInstance (0ms)
			ReleaseScriptingObjects (0ms)
			CreateAndSetChildDomain (17ms)
		EndReloadAssembly (782ms)
			LoadAssemblies (90ms)
			RebuildTransferFunctionScriptingTraits (0ms)
			SetupTypeCache (268ms)
			ReleaseScriptCaches (0ms)
			RebuildScriptCaches (41ms)
			SetupLoadedEditorAssemblies (300ms)
				LogAssemblyErrors (0ms)
				InitializePlatformSupportModulesInManaged (4ms)
				SetLoadedEditorAssemblies (0ms)
				RefreshPlugins (0ms)
				BeforeProcessingInitializeOnLoad (73ms)
				ProcessInitializeOnLoadAttributes (211ms)
				ProcessInitializeOnLoadMethodAttributes (9ms)
				AfterProcessingInitializeOnLoad (2ms)
				EditorAssembliesLoaded (0ms)
			ExecutionOrderSort2 (0ms)
			AwakeInstancesAfterBackupRestoration (6ms)
Platform modules already initialized, skipping
========================================================================
Worker process is ready to serve import requests
Shader 'WFX/Transparent Specular': fallback shader 'Particles/Alpha Blended' not found
Shader 'WFX/Transparent Diffuse': fallback shader 'Particles/Alpha Blended' not found
Launched and connected shader compiler UnityShaderCompiler.exe after 0.11 seconds
Refreshing native plugins compatible for Editor in 0.35 ms, found 2 plugins.
Preloading 0 native plugins for Editor in 0.00 ms.
Unloading 1540 Unused Serialized files (Serialized files now loaded: 0)
System memory in use before: 74.3 MB.
System memory in use after: 74.4 MB.

Unloading 19 unused Assets to reduce memory usage. Loaded Objects now: 1976.
Total: 2.755900 ms (FindLiveObjects: 0.142400 ms CreateObjectMapping: 0.054500 ms MarkObjects: 2.497800 ms  DeleteObjects: 0.060400 ms)

AssetImportParameters requested are different than current active one (requested -> active):
  custom:framework-win-MediaFoundation: 216162199b28c13a410421893ffa2e32 -> 
  custom:video-decoder-ogg-theora: a1e56fd34408186e4bbccfd4996cb3dc -> 
  custom:container-muxer-webm: aa71ff27fc2769a1b78a27578f13a17b -> 
  custom:container-demuxer-webm: 4f35f7cbe854078d1ac9338744f61a02 -> 
  custom:container-demuxer-ogg: 62fdf1f143b41e24485cea50d1cbac27 -> 
  custom:video-encoder-webm-vp8: eb34c28f22e8b96e1ab97ce403110664 -> 
  custom:video-decoder-webm-vp8: 9c59270c3fd7afecdb556c50c9e8de78 -> 
  custom:audio-decoder-ogg-vorbis: bf7c407c2cedff20999df2af8eb42d56 -> 
  custom:audio-encoder-webm-vorbis: bf7c407c2cedff20999df2af8eb42d56 -> 
========================================================================
Received Import Request.
  path: Assets/Etc
  artifactKey: Guid(9c5085ce124439149a8d7924c62ef3f1) Importer(815301076,1909f56bfc062723c751e8b465ee728b)
Start importing Assets/Etc using Guid(9c5085ce124439149a8d7924c62ef3f1) Importer(815301076,1909f56bfc062723c751e8b465ee728b)  -> (artifact id: 'e14f07a698bcd604e6e988fe70cd2170') in 0.008174 seconds 
  Import took 0.010476 seconds .

========================================================================
Received Import Request.
  Time since last request: 4.721815 seconds.
  path: Assets
  artifactKey: Guid(00000000000000001000000000000000) Importer(815301076,1909f56bfc062723c751e8b465ee728b)
Start importing Assets using Guid(00000000000000001000000000000000) Importer(815301076,1909f56bfc062723c751e8b465ee728b)  -> (artifact id: '42d402b061de3733987d63b9cc3b64de') in 0.009479 seconds 
  Import took 0.011790 seconds .

========================================================================
Received Import Request.
  Time since last request: 25.236348 seconds.
  path: Assets/A
  artifactKey: Guid(72f87748a8923c348bf76a4a64fc3857) Importer(815301076,1909f56bfc062723c751e8b465ee728b)
Start importing Assets/A using Guid(72f87748a8923c348bf76a4a64fc3857) Importer(815301076,1909f56bfc062723c751e8b465ee728b)  -> (artifact id: '8d71f5b1b49bb88ba18b578a802e03c7') in 0.007984 seconds 
  Import took 0.049806 seconds .

========================================================================
Received Import Request.
  Time since last request: 1.543707 seconds.
  path: Assets/Standard Assets
  artifactKey: Guid(72f87748a8923c348bf76a4a64fc3857) Importer(815301076,1909f56bfc062723c751e8b465ee728b)
Start importing Assets/Standard Assets using Guid(72f87748a8923c348bf76a4a64fc3857) Importer(815301076,1909f56bfc062723c751e8b465ee728b)  -> (artifact id: '12fcc3ad67903115e45154723c0f3911') in 0.003504 seconds 
  Import took 0.006078 seconds .

========================================================================
Received Import Request.
  Time since last request: 9.486498 seconds.
  path: Assets/01.Scenes
  artifactKey: Guid(b78e448ecf0b8c44bb5d845f6961b0d9) Importer(815301076,1909f56bfc062723c751e8b465ee728b)
Start importing Assets/01.Scenes using Guid(b78e448ecf0b8c44bb5d845f6961b0d9) Importer(815301076,1909f56bfc062723c751e8b465ee728b)  -> (artifact id: 'ba6daee534797671f83d28135acb2a55') in 0.002222 seconds 
  Import took 0.004597 seconds .

========================================================================
Received Import Request.
  Time since last request: 7.266083 seconds.
  path: Assets/02.Scripts
  artifactKey: Guid(2f46e452f039b9a4487f0587ebc16f12) Importer(815301076,1909f56bfc062723c751e8b465ee728b)
Start importing Assets/02.Scripts using Guid(2f46e452f039b9a4487f0587ebc16f12) Importer(815301076,1909f56bfc062723c751e8b465ee728b)  -> (artifact id: '8b459524ab2c6cd539ecfa33f2f849cc') in 0.002337 seconds 
  Import took 0.022778 seconds .

========================================================================
Received Prepare
Registering precompiled user dll's ...
Registered in 0.002981 seconds.
Begin MonoManager ReloadAssembly
Native extension for WindowsStandalone target not found
Refreshing native plugins compatible for Editor in 0.59 ms, found 2 plugins.
Preloading 0 native plugins for Editor in 0.00 ms.
Mono: successfully reloaded assembly
- Completed reload, in  0.958 seconds
Domain Reload Profiling:
	ReloadAssembly (959ms)
		BeginReloadAssembly (108ms)
			ExecutionOrderSort (0ms)
			DisableScriptedObjects (5ms)
			BackupInstance (0ms)
			ReleaseScriptingObjects (0ms)
			CreateAndSetChildDomain (31ms)
		EndReloadAssembly (795ms)
			LoadAssemblies (88ms)
			RebuildTransferFunctionScriptingTraits (0ms)
			SetupTypeCache (293ms)
			ReleaseScriptCaches (1ms)
			RebuildScriptCaches (41ms)
			SetupLoadedEditorAssemblies (281ms)
				LogAssemblyErrors (0ms)
				InitializePlatformSupportModulesInManaged (6ms)
				SetLoadedEditorAssemblies (1ms)
				RefreshPlugins (1ms)
				BeforeProcessingInitializeOnLoad (67ms)
				ProcessInitializeOnLoadAttributes (196ms)
				ProcessInitializeOnLoadMethodAttributes (8ms)
				AfterProcessingInitializeOnLoad (2ms)
				EditorAssembliesLoaded (0ms)
			ExecutionOrderSort2 (0ms)
			AwakeInstancesAfterBackupRestoration (6ms)
Platform modules already initialized, skipping
Shader 'WFX/Transparent Specular': fallback shader 'Particles/Alpha Blended' not found
Shader 'WFX/Transparent Diffuse': fallback shader 'Particles/Alpha Blended' not found
Refreshing native plugins compatible for Editor in 0.47 ms, found 2 plugins.
Preloading 0 native plugins for Editor in 0.00 ms.
Unloading 1523 Unused Serialized files (Serialized files now loaded: 0)
System memory in use before: 73.0 MB.
System memory in use after: 73.2 MB.

Unloading 14 unused Assets to reduce memory usage. Loaded Objects now: 1978.
Total: 2.777300 ms (FindLiveObjects: 0.158500 ms CreateObjectMapping: 0.049500 ms MarkObjects: 2.548500 ms  DeleteObjects: 0.019900 ms)

AssetImportParameters requested are different than current active one (requested -> active):
  custom:framework-win-MediaFoundation: 216162199b28c13a410421893ffa2e32 -> 
  custom:video-decoder-ogg-theora: a1e56fd34408186e4bbccfd4996cb3dc -> 
  custom:container-muxer-webm: aa71ff27fc2769a1b78a27578f13a17b -> 
  custom:container-demuxer-webm: 4f35f7cbe854078d1ac9338744f61a02 -> 
  custom:container-demuxer-ogg: 62fdf1f143b41e24485cea50d1cbac27 -> 
  custom:video-encoder-webm-vp8: eb34c28f22e8b96e1ab97ce403110664 -> 
  custom:video-decoder-webm-vp8: 9c59270c3fd7afecdb556c50c9e8de78 -> 
  custom:audio-decoder-ogg-vorbis: bf7c407c2cedff20999df2af8eb42d56 -> 
  custom:audio-encoder-webm-vorbis: bf7c407c2cedff20999df2af8eb42d56 -> 
========================================================================
Received Import Request.
  Time since last request: 6.200454 seconds.
  path: Assets/Prefabs
  artifactKey: Guid(15b930c6e7133fd4cb87787795475008) Importer(815301076,1909f56bfc062723c751e8b465ee728b)
Start importing Assets/Prefabs using Guid(15b930c6e7133fd4cb87787795475008) Importer(815301076,1909f56bfc062723c751e8b465ee728b)  -> (artifact id: 'e3be4edde420f658c2ac589580a9483e') in 0.004444 seconds 
  Import took 0.006718 seconds .

========================================================================
Received Import Request.
  Time since last request: 5.309626 seconds.
  path: Assets/03.Prefabs
  artifactKey: Guid(15b930c6e7133fd4cb87787795475008) Importer(815301076,1909f56bfc062723c751e8b465ee728b)
Start importing Assets/03.Prefabs using Guid(15b930c6e7133fd4cb87787795475008) Importer(815301076,1909f56bfc062723c751e8b465ee728b)  -> (artifact id: '23c1f7b62a0288ac849dac9271eb3268') in 0.002563 seconds 
  Import took 0.005144 seconds .

========================================================================
Received Import Request.
  Time since last request: 5.269112 seconds.
  path: Assets/Barbarian
  artifactKey: Guid(33c06521ce57b564ab3b3941a7532ecf) Importer(815301076,1909f56bfc062723c751e8b465ee728b)
Start importing Assets/Barbarian using Guid(33c06521ce57b564ab3b3941a7532ecf) Importer(815301076,1909f56bfc062723c751e8b465ee728b)  -> (artifact id: 'b90d458272194eb9cd22c20f0fb45478') in 0.006418 seconds 
  Import took 0.008791 seconds .

========================================================================
Received Import Request.
  Time since last request: 17.670192 seconds.
  path: Assets/04.Models
  artifactKey: Guid(33c06521ce57b564ab3b3941a7532ecf) Importer(815301076,1909f56bfc062723c751e8b465ee728b)
Start importing Assets/04.Models using Guid(33c06521ce57b564ab3b3941a7532ecf) Importer(815301076,1909f56bfc062723c751e8b465ee728b)  -> (artifact id: '8185d3d11b840ceb70a530f433ff8791') in 0.006933 seconds 
  Import took 0.031364 seconds .

========================================================================
Received Import Request.
  Time since last request: 2.897038 seconds.
  path: Assets/Grenades_Lowpoly
  artifactKey: Guid(f51d930cbe2b22d4c9e07728bea95473) Importer(815301076,1909f56bfc062723c751e8b465ee728b)
Start importing Assets/Grenades_Lowpoly using Guid(f51d930cbe2b22d4c9e07728bea95473) Importer(815301076,1909f56bfc062723c751e8b465ee728b)  -> (artifact id: '993b7ba178398d5b19bb9654be82dab7') in 0.006646 seconds 
  Import took 0.033295 seconds .

========================================================================
Received Import Request.
  Time since last request: 6.134460 seconds.
  path: Assets/JMO Assets
  artifactKey: Guid(082f492f360cda84381f02334cdd0a30) Importer(815301076,1909f56bfc062723c751e8b465ee728b)
Start importing Assets/JMO Assets using Guid(082f492f360cda84381f02334cdd0a30) Importer(815301076,1909f56bfc062723c751e8b465ee728b)  -> (artifact id: '4eeb0b550dc55bda689e650303b0905f') in 0.007459 seconds 
  Import took 0.009797 seconds .

========================================================================
Received Prepare
Registering precompiled user dll's ...
Registered in 0.004387 seconds.
Begin MonoManager ReloadAssembly
Native extension for WindowsStandalone target not found
Refreshing native plugins compatible for Editor in 0.39 ms, found 2 plugins.
Preloading 0 native plugins for Editor in 0.00 ms.
Mono: successfully reloaded assembly
- Completed reload, in  0.934 seconds
Domain Reload Profiling:
	ReloadAssembly (935ms)
		BeginReloadAssembly (111ms)
			ExecutionOrderSort (0ms)
			DisableScriptedObjects (4ms)
			BackupInstance (0ms)
			ReleaseScriptingObjects (0ms)
			CreateAndSetChildDomain (29ms)
		EndReloadAssembly (771ms)
			LoadAssemblies (91ms)
			RebuildTransferFunctionScriptingTraits (0ms)
			SetupTypeCache (280ms)
			ReleaseScriptCaches (1ms)
			RebuildScriptCaches (37ms)
			SetupLoadedEditorAssemblies (282ms)
				LogAssemblyErrors (0ms)
				InitializePlatformSupportModulesInManaged (4ms)
				SetLoadedEditorAssemblies (0ms)
				RefreshPlugins (0ms)
				BeforeProcessingInitializeOnLoad (72ms)
				ProcessInitializeOnLoadAttributes (194ms)
				ProcessInitializeOnLoadMethodAttributes (8ms)
				AfterProcessingInitializeOnLoad (2ms)
				EditorAssembliesLoaded (0ms)
			ExecutionOrderSort2 (0ms)
			AwakeInstancesAfterBackupRestoration (6ms)
Platform modules already initialized, skipping
Shader 'WFX/Transparent Specular': fallback shader 'Particles/Alpha Blended' not found
Shader 'WFX/Transparent Diffuse': fallback shader 'Particles/Alpha Blended' not found
Refreshing native plugins compatible for Editor in 0.36 ms, found 2 plugins.
Preloading 0 native plugins for Editor in 0.00 ms.
Unloading 1523 Unused Serialized files (Serialized files now loaded: 0)
System memory in use before: 73.1 MB.
System memory in use after: 73.2 MB.

Unloading 14 unused Assets to reduce memory usage. Loaded Objects now: 1980.
Total: 2.696500 ms (FindLiveObjects: 0.154900 ms CreateObjectMapping: 0.052800 ms MarkObjects: 2.473000 ms  DeleteObjects: 0.015200 ms)

AssetImportParameters requested are different than current active one (requested -> active):
  custom:framework-win-MediaFoundation: 216162199b28c13a410421893ffa2e32 -> 
  custom:video-decoder-ogg-theora: a1e56fd34408186e4bbccfd4996cb3dc -> 
  custom:container-muxer-webm: aa71ff27fc2769a1b78a27578f13a17b -> 
  custom:container-demuxer-webm: 4f35f7cbe854078d1ac9338744f61a02 -> 
  custom:container-demuxer-ogg: 62fdf1f143b41e24485cea50d1cbac27 -> 
  custom:video-encoder-webm-vp8: eb34c28f22e8b96e1ab97ce403110664 -> 
  custom:video-decoder-webm-vp8: 9c59270c3fd7afecdb556c50c9e8de78 -> 
  custom:audio-decoder-ogg-vorbis: bf7c407c2cedff20999df2af8eb42d56 -> 
  custom:audio-encoder-webm-vorbis: bf7c407c2cedff20999df2af8eb42d56 -> 
========================================================================
Received Import Request.
  Time since last request: 86.178180 seconds.
  path: Assets/05.Images
  artifactKey: Guid(9c5085ce124439149a8d7924c62ef3f1) Importer(815301076,1909f56bfc062723c751e8b465ee728b)
Start importing Assets/05.Images using Guid(9c5085ce124439149a8d7924c62ef3f1) Importer(815301076,1909f56bfc062723c751e8b465ee728b)  -> (artifact id: 'ad70c35dbb926a174284b16f6c354851') in 0.009185 seconds 
  Import took 0.011675 seconds .

========================================================================
Received Import Request.
  Time since last request: 9.491978 seconds.
  path: Assets/05.Images/Materials
  artifactKey: Guid(b9c347ec6f69712468360457a47239d0) Importer(815301076,1909f56bfc062723c751e8b465ee728b)
Start importing Assets/05.Images/Materials using Guid(b9c347ec6f69712468360457a47239d0) Importer(815301076,1909f56bfc062723c751e8b465ee728b)  -> (artifact id: 'fc9a86a9c1060b9aded2ee1e9df77afa') in 0.002378 seconds 
  Import took 0.004878 seconds .

AssetImportWorkerClient::OnTransportError - code=2 error=End of file
